<?xml version="1.0" encoding="UTF-8"?>
<!-- Generated by org.testng.reporters.JUnitXMLReporter -->
<testsuite hostname="amit-PC" ignored="0" name="BuildCompatibilityTest3" tests="2" failures="0" timestamp="29 Jul 2018 06:29:05 GMT" time="0.072" errors="0">
  <testcase name="@BeforeTest setUp" time="0.006" classname="com.cottonon.testcases.SignMeInPageTest">
    <failure type="java.lang.NullPointerException">
      <![CDATA[java.lang.NullPointerException
at com.cottonon.base.TestBase.getsite(TestBase.java:99)
at com.cottonon.base.TestBase.init(TestBase.java:59)
at com.cottonon.testcases.SignMeInPageTest.setUp(SignMeInPageTest.java:25)
... Removed 24 stack frames]]>
    </failure>
  </testcase> <!-- @BeforeTest setUp -->
  <testcase name="@BeforeMethod setUp" time="0.0" classname="com.cottonon.testcases.ProductPageTest">
    <skipped/>
  </testcase> <!-- @BeforeMethod setUp -->
  <testcase name="@AfterMethod tearDown" time="0.0" classname="com.cottonon.testcases.ProductPageTest">
    <skipped/>
  </testcase> <!-- @AfterMethod tearDown -->
  <testcase name="@AfterTest tearDown" time="0.0" classname="com.cottonon.testcases.SignMeInPageTest">
    <skipped/>
  </testcase> <!-- @AfterTest tearDown -->
  <testcase name="validatefilter" time="0.0" classname="com.cottonon.testcases.ProductPageTest">
    <skipped/>
  </testcase> <!-- validatefilter -->
  <testcase name="testLogin" time="0.0" classname="com.cottonon.testcases.SignMeInPageTest">
    <skipped/>
  </testcase> <!-- testLogin -->
</testsuite> <!-- BuildCompatibilityTest3 -->
